45	"ms"
36	"support"
14	"development"
13	"microsoft"
12	"visual"
11	"office"
11	"information"
11	"developer"
10	"server"
10	"news"
10	"internet"
9	"windows"
7	"for"
5	"site"
5	"nt"
5	"developers"
4	"word"
4	"program"
4	"powerpoint"
4	"network"
4	"media"
4	"in"
4	"hardware"
4	"excel"
4	"education"
4	"access"
4	""
3	"workshop"
3	"web"
3	"stuff"
3	"schedule+"
3	"project"
3	"only"
3	"it"
3	"info"
3	"home"
3	"games"
3	"free"
3	"financial"
3	"exchange"
3	"corporate"
2	"workstation"
2	"works"
2	"wide"
2	"user"
2	"training"
2	"test"
2	"technology"
2	"technical"
2	"strategy"
2	"sql"
2	"source"
2	"solutions"
2	"sna"
2	"sitebuilder"
2	"services"
2	"service"
2	"series"
2	"safe"
2	"region"
2	"reference"
2	"publisher"
2	"providers"
2	"professional"
2	"products"
2	"product"
2	"piracy"
2	"partner"
2	"outlook"
2	"open"
2	"ole"
2	"offices"
2	"netshow"
2	"music"
2	"money"
2	"master"
2	"marketing"
2	"management"
2	"mail"
2	"magazine"
2	"kids"
2	"job"
2	"java"
2	"international"
2	"interactive"
2	"ie"
2	"guide"
2	"group"
2	"gallery"
2	"frontpage"
2	"framework"
2	"fortran"
2	"evaluation"
2	"desktop"
2	"data"
2	"control"
2	"content"
2	"conference"
2	"c"
2	"builder"
2	"basic"
2	"backoffice"
2	"and"
2	"america"
2	"africa"
2	"advanced"
2	"activex"
2	"&"
1	"zealand"
1	"yourself"
1	"worldwide"
1	"world"
1	"wine"
1	"windows95"
1	"volume"
1	"virtual"
1	"view"
1	"venezuela"
1	"vbscripts"
1	"vbscript"
1	"vba"
1	"usability"
1	"us"
1	"uruguay"
1	"uk"
1	"typography"
1	"type"
1	"tv"
1	"turkey"
1	"trial"
1	"transaction"
1	"the"
1	"thailand"
1	"testing"
1	"technologies"
1	"technet"
1	"teammanager"
1	"taiwan"
1	"systems"
1	"switzerland"
1	"switching"
1	"sweden"
1	"supprt"
1	"studio"
1	"store"
1	"standards"
1	"sports"
1	"specs"
1	"spain"
1	"sp"
1	"south"
1	"solution"
1	"softlib"
1	"softimage"
1	"smsmgt"
1	"small"
1	"slovenija"
1	"slovakia"
1	"sidewinder"
1	"sidewalk"
1	"security."
1	"security"
1	"search"
1	"script"
1	"sales"
1	"russia"
1	"resources"
1	"republic"
1	"repository"
1	"regwiz"
1	"referral"
1	"reality"
1	"queue"
1	"purchasing"
1	"proxy"
1	"promo"
1	"programs"
1	"producer"
1	"produced"
1	"pro"
1	"press"
1	"pre-grads"
1	"powered"
1	"portugal"
1	"poland"
1	"picture"
1	"peru"
1	"pack"
1	"oss"
1	"options"
1	"openings"
1	"online"
1	"of"
1	"oem"
1	"odbc"
1	"objects"
1	"norway"
1	"north"
1	"newswire"
1	"new"
1	"netmeeting"
1	"netherlands"
1	"n."
1	"multimedia"
1	"mshome"
1	"msdownload."
1	"ms's"
1	"misc"
1	"middle"
1	"microsoft.com"
1	"mexico"
1	"message"
1	"merchant"
1	"merchandise"
1	"membership"
1	"mdsn"
1	"mdn"
1	"mastering"
1	"markup"
1	"markets"
1	"manager"
1	"macintosh"
1	"mac"
1	"logo"
1	"live"
1	"listings"
1	"licenses"
1	"library"
1	"latin"
1	"language"
1	"korea"
1	"kong"
1	"knowledge"
1	"k-12"
1	"javascript"
1	"jakarta"
1	"j++"
1	"italy"
1	"israel"
1	"isapi"
1	"ireland"
1	"intranet"
1	"interdev"
1	"intellimouse"
1	"institute"
1	"industry"
1	"india"
1	"imagecomposer"
1	"iis"
1	"ie40"
1	"ie3"
1	"hungary"
1	"hong"
1	"higer"
1	"guides"
1	"golf"
1	"global"
1	"germany"
1	"garden"
1	"from"
1	"france"
1	"foxpro"
1	"fox"
1	"forum"
1	"finland"
1	"feedback"
1	"family"
1	"explorer"
1	"executive"
1	"europe"
1	"essentials"
1	"end"
1	"encarta"
1	"educational"
1	"edition)"
1	"east"
1	"downloads"
1	"do"
1	"districts"
1	"developr"
1	"developing"
1	"denmark"
1	"db"
1	"days"
1	"czech"
1	"customers"
1	"customer"
1	"corporation"
1	"controls"
1	"consulting"
1	"construction"
1	"connector"
1	"connectivity"
1	"connecting"
1	"computing"
1	"complete"
1	"competitive"
1	"community"
1	"colombia"
1	"clip"
1	"cinemainia"
1	"china"
1	"chile"
1	"chef"
1	"channel"
1	"central"
1	"center"
1	"ce"
1	"catalog"
1	"caribbean"
1	"canada"
1	"calendar"
1	"by"
1	"business"
1	"builder's"
1	"brazil"
1	"bookshelf"
1	"bit"
1	"benelux"
1	"belgium"
1	"base"
1	"autoroute"
1	"automap"
1	"authorized"
1	"australia"
1	"argentina"
1	"anti"
1	"american"
1	"affairs"
1	"advertising"
1	"advantage"
1	"activate"
1	"action"
1	"about"
1	"95"
1	"32"
1	"-"
1	"(world"
1	"(vertical)"
1	"(infobase)"
1	"(holland)"
1	"(art)"
